<?xml version="1.0" encoding="UTF-8"?>
<robot generator="Robot 3.0.4 (Python 3.6.5 on win32)" generated="20181206 16:10:01.152">
<suite id="s1" name="Test Login Page" source="C:\Automation\OrangeHRM\testcases\Test_Login_Page.robot">
<kw name="Open Login Page" library="resource" type="setup">
<kw name="Open Browser" library="Selenium2Library">
<doc>Opens a new browser instance to the given ``url``.</doc>
<arguments>
<arg>${LOGIN URL}</arg>
<arg>${BROWSER}</arg>
</arguments>
<msg timestamp="20181206 16:10:01.635" level="INFO">Opening browser 'Chrome' to base url 'http://opensource-demo.orangehrmlive.com'.</msg>
<status status="PASS" starttime="20181206 16:10:01.635" endtime="20181206 16:10:05.386"></status>
</kw>
<kw name="Set Selenium Speed" library="Selenium2Library">
<doc>Sets the delay that is waited after each Selenium command.</doc>
<arguments>
<arg>${DELAY}</arg>
</arguments>
<status status="PASS" starttime="20181206 16:10:05.387" endtime="20181206 16:10:05.387"></status>
</kw>
<status status="PASS" starttime="20181206 16:10:01.634" endtime="20181206 16:10:05.387"></status>
</kw>
<test id="s1-t1" name="Case1">
<kw name="Enter Email And Password">
<arguments>
<arg>Admin</arg>
<arg>admin123</arg>
</arguments>
<kw name="Enter Username" library="resource">
<arguments>
<arg>${username}</arg>
</arguments>
<kw name="Input Text" library="Selenium2Library">
<doc>Types the given ``text`` into text field identified by ``locator``.</doc>
<arguments>
<arg>txtUsername</arg>
<arg>${username}</arg>
</arguments>
<msg timestamp="20181206 16:10:05.390" level="INFO">Typing text 'Admin' into text field 'txtUsername'.</msg>
<status status="PASS" starttime="20181206 16:10:05.390" endtime="20181206 16:10:05.575"></status>
</kw>
<status status="PASS" starttime="20181206 16:10:05.389" endtime="20181206 16:10:05.576"></status>
</kw>
<kw name="Enter Password" library="resource">
<arguments>
<arg>${password}</arg>
</arguments>
<kw name="Input Text" library="Selenium2Library">
<doc>Types the given ``text`` into text field identified by ``locator``.</doc>
<arguments>
<arg>txtPassword</arg>
<arg>${password}</arg>
</arguments>
<msg timestamp="20181206 16:10:05.578" level="INFO">Typing text 'admin123' into text field 'txtPassword'.</msg>
<status status="PASS" starttime="20181206 16:10:05.577" endtime="20181206 16:10:05.721"></status>
</kw>
<status status="PASS" starttime="20181206 16:10:05.576" endtime="20181206 16:10:05.722"></status>
</kw>
<kw name="Click Login" library="resource">
<kw name="Click Element" library="Selenium2Library">
<doc>Click element identified by ``locator``.</doc>
<arguments>
<arg>btnLogin</arg>
</arguments>
<msg timestamp="20181206 16:10:05.723" level="INFO">Clicking element 'btnLogin'.</msg>
<status status="PASS" starttime="20181206 16:10:05.722" endtime="20181206 16:10:06.970"></status>
</kw>
<status status="PASS" starttime="20181206 16:10:05.722" endtime="20181206 16:10:06.970"></status>
</kw>
<kw name="Page Should Contain Image" library="Selenium2Library">
<doc>Verifies image identified by ``locator`` is found from current page.</doc>
<arguments>
<arg>//img[@src="/webres_5acde3dbd3adc6.90334155/themes/default/images/logo.png"]</arg>
</arguments>
<msg timestamp="20181206 16:10:07.952" level="INFO">Current page contains image '//img[@src="/webres_5acde3dbd3adc6.90334155/themes/default/images/logo.png"]'.</msg>
<status status="PASS" starttime="20181206 16:10:06.971" endtime="20181206 16:10:07.952"></status>
</kw>
<kw name="Page Should Contain Element" library="Selenium2Library">
<doc>Verifies that element ``locator`` is found on the current page.</doc>
<arguments>
<arg>//a[@id="welcome"]</arg>
</arguments>
<msg timestamp="20181206 16:10:07.977" level="INFO">Current page contains element '//a[@id="welcome"]'.</msg>
<status status="PASS" starttime="20181206 16:10:07.952" endtime="20181206 16:10:07.977"></status>
</kw>
<kw name="Page Should Contain" library="Selenium2Library">
<doc>Verifies that current page contains ``text``.</doc>
<arguments>
<arg>Dashboard</arg>
</arguments>
<msg timestamp="20181206 16:10:08.005" level="INFO">Current page contains text 'Dashboard'.</msg>
<status status="PASS" starttime="20181206 16:10:07.978" endtime="20181206 16:10:08.005"></status>
</kw>
<kw name="Click Logout" library="resource">
<kw name="Click Element" library="Selenium2Library">
<doc>Click element identified by ``locator``.</doc>
<arguments>
<arg>welcome</arg>
</arguments>
<msg timestamp="20181206 16:10:08.006" level="INFO">Clicking element 'welcome'.</msg>
<status status="PASS" starttime="20181206 16:10:08.006" endtime="20181206 16:10:08.120"></status>
</kw>
<kw name="Wait Until Element Is Visible" library="Selenium2Library">
<doc>Waits until element ``locator`` is visible.</doc>
<arguments>
<arg>//a[@href="/index.php/auth/logout"]</arg>
</arguments>
<status status="PASS" starttime="20181206 16:10:08.120" endtime="20181206 16:10:08.396"></status>
</kw>
<kw name="Click Element" library="Selenium2Library">
<doc>Click element identified by ``locator``.</doc>
<arguments>
<arg>//a[@href="/index.php/auth/logout"]</arg>
</arguments>
<msg timestamp="20181206 16:10:08.397" level="INFO">Clicking element '//a[@href="/index.php/auth/logout"]'.</msg>
<status status="PASS" starttime="20181206 16:10:08.396" endtime="20181206 16:10:08.751"></status>
</kw>
<status status="PASS" starttime="20181206 16:10:08.005" endtime="20181206 16:10:08.751"></status>
</kw>
<status status="PASS" starttime="20181206 16:10:05.389" endtime="20181206 16:10:08.752"></status>
</kw>
<status status="PASS" starttime="20181206 16:10:05.388" endtime="20181206 16:10:08.752" critical="yes"></status>
</test>
<kw name="Close Browser" library="Selenium2Library" type="teardown">
<doc>Closes the current browser.</doc>
<status status="PASS" starttime="20181206 16:10:08.753" endtime="20181206 16:10:12.091"></status>
</kw>
<status status="PASS" starttime="20181206 16:10:01.167" endtime="20181206 16:10:12.092"></status>
</suite>
<statistics>
<total>
<stat pass="1" fail="0">Critical Tests</stat>
<stat pass="1" fail="0">All Tests</stat>
</total>
<tag>
</tag>
<suite>
<stat pass="1" fail="0" id="s1" name="Test Login Page">Test Login Page</stat>
</suite>
</statistics>
<errors>
</errors>
</robot>
