<?xml version="1.0" encoding="UTF-8"?>
<robot generator="Robot 3.0.4 (Python 3.6.5 on win32)" generated="20181206 16:42:27.110">
<suite id="s1" name="Test Admin Page" source="C:\Automation\OrangeHRM\testcases\Test_Admin_Page.robot">
<kw name="Open User Management Page" library="resource" type="setup">
<kw name="Open Browser" library="Selenium2Library">
<doc>Opens a new browser instance to the given ``url``.</doc>
<arguments>
<arg>${USER MANAGEMENT}</arg>
<arg>${BROWSER}</arg>
</arguments>
<msg timestamp="20181206 16:42:27.571" level="INFO">Opening browser 'Chrome' to base url 'http://opensource-demo.orangehrmlive.com//index.php/admin/viewSystemUsers'.</msg>
<status status="PASS" starttime="20181206 16:42:27.570" endtime="20181206 16:42:31.259"></status>
</kw>
<kw name="Set Selenium Speed" library="Selenium2Library">
<doc>Sets the delay that is waited after each Selenium command.</doc>
<arguments>
<arg>${DELAY}</arg>
</arguments>
<status status="PASS" starttime="20181206 16:42:31.259" endtime="20181206 16:42:31.260"></status>
</kw>
<kw name="Enter Username" library="resource">
<arguments>
<arg>Admin</arg>
</arguments>
<kw name="Input Text" library="Selenium2Library">
<doc>Types the given ``text`` into text field identified by ``locator``.</doc>
<arguments>
<arg>txtUsername</arg>
<arg>${username}</arg>
</arguments>
<msg timestamp="20181206 16:42:31.261" level="INFO">Typing text 'Admin' into text field 'txtUsername'.</msg>
<status status="PASS" starttime="20181206 16:42:31.261" endtime="20181206 16:42:31.404"></status>
</kw>
<status status="PASS" starttime="20181206 16:42:31.260" endtime="20181206 16:42:31.404"></status>
</kw>
<kw name="Enter Password" library="resource">
<arguments>
<arg>admin123</arg>
</arguments>
<kw name="Input Text" library="Selenium2Library">
<doc>Types the given ``text`` into text field identified by ``locator``.</doc>
<arguments>
<arg>txtPassword</arg>
<arg>${password}</arg>
</arguments>
<msg timestamp="20181206 16:42:31.405" level="INFO">Typing text 'admin123' into text field 'txtPassword'.</msg>
<status status="PASS" starttime="20181206 16:42:31.405" endtime="20181206 16:42:31.533"></status>
</kw>
<status status="PASS" starttime="20181206 16:42:31.404" endtime="20181206 16:42:31.533"></status>
</kw>
<kw name="Click Login" library="resource">
<kw name="Click Element" library="Selenium2Library">
<doc>Click element identified by ``locator``.</doc>
<arguments>
<arg>btnLogin</arg>
</arguments>
<msg timestamp="20181206 16:42:31.534" level="INFO">Clicking element 'btnLogin'.</msg>
<status status="PASS" starttime="20181206 16:42:31.534" endtime="20181206 16:42:32.878"></status>
</kw>
<status status="PASS" starttime="20181206 16:42:31.533" endtime="20181206 16:42:32.878"></status>
</kw>
<status status="PASS" starttime="20181206 16:42:27.569" endtime="20181206 16:42:32.878"></status>
</kw>
<test id="s1-t1" name="Validate User Management">
<status status="FAIL" starttime="20181206 16:42:32.878" endtime="20181206 16:42:32.880" critical="yes">Test case contains no keywords.</status>
</test>
<status status="FAIL" starttime="20181206 16:42:27.125" endtime="20181206 16:42:32.881"></status>
</suite>
<statistics>
<total>
<stat pass="0" fail="1">Critical Tests</stat>
<stat pass="0" fail="1">All Tests</stat>
</total>
<tag>
</tag>
<suite>
<stat pass="0" fail="1" id="s1" name="Test Admin Page">Test Admin Page</stat>
</suite>
</statistics>
<errors>
</errors>
</robot>
